[2025-05-06 17:47:15] local.ERROR: SQLSTATE[HY000] [2002] Connection refused (Connection: mysql, SQL: select * from `cars`) {"exception":"[object] (Illuminate\\Database\\QueryException(code: 2002): SQLSTATE[HY000] [2002] Connection refused (Connection: mysql, SQL: select * from `cars`) at /Users/pablogarcia-dev/Trabalho/Senac/TDS-backEndAvancado/13.PHP_Laravel_CRUD_Carros/vendor/laravel/framework/src/Illuminate/Database/Connection.php:829)
[stacktrace]
#0 /Users/pablogarcia-dev/Trabalho/Senac/TDS-backEndAvancado/13.PHP_Laravel_CRUD_Carros/vendor/laravel/framework/src/Illuminate/Database/Connection.php(983): Illuminate\\Database\\Connection->runQueryCallback('select * from `...', Array, Object(Closure))
#1 /Users/pablogarcia-dev/Trabalho/Senac/TDS-backEndAvancado/13.PHP_Laravel_CRUD_Carros/vendor/laravel/framework/src/Illuminate/Database/Connection.php(962): Illuminate\\Database\\Connection->tryAgainIfCausedByLostConnection(Object(Illuminate\\Database\\QueryException), 'select * from `...', Array, Object(Closure))
#2 /Users/pablogarcia-dev/Trabalho/Senac/TDS-backEndAvancado/13.PHP_Laravel_CRUD_Carros/vendor/laravel/framework/src/Illuminate/Database/Connection.php(785): Illuminate\\Database\\Connection->handleQueryException(Object(Illuminate\\Database\\QueryException), 'select * from `...', Array, Object(Closure))
#3 /Users/pablogarcia-dev/Trabalho/Senac/TDS-backEndAvancado/13.PHP_Laravel_CRUD_Carros/vendor/laravel/framework/src/Illuminate/Database/Connection.php(414): Illuminate\\Database\\Connection->run('select * from `...', Array, Object(Closure))
#4 /Users/pablogarcia-dev/Trabalho/Senac/TDS-backEndAvancado/13.PHP_Laravel_CRUD_Carros/vendor/laravel/framework/src/Illuminate/Database/Query/Builder.php(2913): Illuminate\\Database\\Connection->select('select * from `...', Array, true)
#5 /Users/pablogarcia-dev/Trabalho/Senac/TDS-backEndAvancado/13.PHP_Laravel_CRUD_Carros/vendor/laravel/framework/src/Illuminate/Database/Query/Builder.php(2902): Illuminate\\Database\\Query\\Builder->runSelect()
#6 /Users/pablogarcia-dev/Trabalho/Senac/TDS-backEndAvancado/13.PHP_Laravel_CRUD_Carros/vendor/laravel/framework/src/Illuminate/Database/Query/Builder.php(3456): Illuminate\\Database\\Query\\Builder->{closure:Illuminate\\Database\\Query\\Builder::get():2901}()
#7 /Users/pablogarcia-dev/Trabalho/Senac/TDS-backEndAvancado/13.PHP_Laravel_CRUD_Carros/vendor/laravel/framework/src/Illuminate/Database/Query/Builder.php(2901): Illuminate\\Database\\Query\\Builder->onceWithColumns(Array, Object(Closure))
#8 /Users/pablogarcia-dev/Trabalho/Senac/TDS-backEndAvancado/13.PHP_Laravel_CRUD_Carros/vendor/laravel/framework/src/Illuminate/Database/Eloquent/Builder.php(739): Illuminate\\Database\\Query\\Builder->get(Array)
#9 /Users/pablogarcia-dev/Trabalho/Senac/TDS-backEndAvancado/13.PHP_Laravel_CRUD_Carros/vendor/laravel/framework/src/Illuminate/Database/Eloquent/Builder.php(723): Illuminate\\Database\\Eloquent\\Builder->getModels(Array)
#10 /Users/pablogarcia-dev/Trabalho/Senac/TDS-backEndAvancado/13.PHP_Laravel_CRUD_Carros/vendor/laravel/framework/src/Illuminate/Database/Eloquent/Model.php(675): Illuminate\\Database\\Eloquent\\Builder->get(Array)
#11 /Users/pablogarcia-dev/Trabalho/Senac/TDS-backEndAvancado/13.PHP_Laravel_CRUD_Carros/app/Http/Controllers/CarController.php(16): Illuminate\\Database\\Eloquent\\Model::all()
#12 /Users/pablogarcia-dev/Trabalho/Senac/TDS-backEndAvancado/13.PHP_Laravel_CRUD_Carros/vendor/laravel/framework/src/Illuminate/Routing/Controller.php(54): App\\Http\\Controllers\\CarController->index()
#13 /Users/pablogarcia-dev/Trabalho/Senac/TDS-backEndAvancado/13.PHP_Laravel_CRUD_Carros/vendor/laravel/framework/src/Illuminate/Routing/ControllerDispatcher.php(43): Illuminate\\Routing\\Controller->callAction('index', Array)
#14 /Users/pablogarcia-dev/Trabalho/Senac/TDS-backEndAvancado/13.PHP_Laravel_CRUD_Carros/vendor/laravel/framework/src/Illuminate/Routing/Route.php(259): Illuminate\\Routing\\ControllerDispatcher->dispatch(Object(Illuminate\\Routing\\Route), Object(App\\Http\\Controllers\\CarController), 'index')
#15 /Users/pablogarcia-dev/Trabalho/Senac/TDS-backEndAvancado/13.PHP_Laravel_CRUD_Carros/vendor/laravel/framework/src/Illuminate/Routing/Route.php(205): Illuminate\\Routing\\Route->runController()
#16 /Users/pablogarcia-dev/Trabalho/Senac/TDS-backEndAvancado/13.PHP_Laravel_CRUD_Carros/vendor/laravel/framework/src/Illuminate/Routing/Router.php(806): Illuminate\\Routing\\Route->run()
#17 /Users/pablogarcia-dev/Trabalho/Senac/TDS-backEndAvancado/13.PHP_Laravel_CRUD_Carros/vendor/laravel/framework/src/Illuminate/Pipeline/Pipeline.php(144): Illuminate\\Routing\\Router->{closure:Illuminate\\Routing\\Router::runRouteWithinStack():805}(Object(Illuminate\\Http\\Request))
#18 /Users/pablogarcia-dev/Trabalho/Senac/TDS-backEndAvancado/13.PHP_Laravel_CRUD_Carros/vendor/laravel/framework/src/Illuminate/Routing/Middleware/SubstituteBindings.php(50): Illuminate\\Pipeline\\Pipeline->{closure:Illuminate\\Pipeline\\Pipeline::prepareDestination():142}(Object(Illuminate\\Http\\Request))
#19 /Users/pablogarcia-dev/Trabalho/Senac/TDS-backEndAvancado/13.PHP_Laravel_CRUD_Carros/vendor/laravel/framework/src/Illuminate/Pipeline/Pipeline.php(183): Illuminate\\Routing\\Middleware\\SubstituteBindings->handle(Object(Illuminate\\Http\\Request), Object(Closure))
#20 /Users/pablogarcia-dev/Trabalho/Senac/TDS-backEndAvancado/13.PHP_Laravel_CRUD_Carros/vendor/laravel/framework/src/Illuminate/Routing/Middleware/ThrottleRequests.php(159): Illuminate\\Pipeline\\Pipeline->{closure:{closure:Illuminate\\Pipeline\\Pipeline::carry():158}:159}(Object(Illuminate\\Http\\Request))
#21 /Users/pablogarcia-dev/Trabalho/Senac/TDS-backEndAvancado/13.PHP_Laravel_CRUD_Carros/vendor/laravel/framework/src/Illuminate/Routing/Middleware/ThrottleRequests.php(125): Illuminate\\Routing\\Middleware\\ThrottleRequests->handleRequest(Object(Illuminate\\Http\\Request), Object(Closure), Array)
#22 /Users/pablogarcia-dev/Trabalho/Senac/TDS-backEndAvancado/13.PHP_Laravel_CRUD_Carros/vendor/laravel/framework/src/Illuminate/Routing/Middleware/ThrottleRequests.php(87): Illuminate\\Routing\\Middleware\\ThrottleRequests->handleRequestUsingNamedLimiter(Object(Illuminate\\Http\\Request), Object(Closure), 'api', Object(Closure))
#23 /Users/pablogarcia-dev/Trabalho/Senac/TDS-backEndAvancado/13.PHP_Laravel_CRUD_Carros/vendor/laravel/framework/src/Illuminate/Pipeline/Pipeline.php(183): Illuminate\\Routing\\Middleware\\ThrottleRequests->handle(Object(Illuminate\\Http\\Request), Object(Closure), 'api')
#24 /Users/pablogarcia-dev/Trabalho/Senac/TDS-backEndAvancado/13.PHP_Laravel_CRUD_Carros/vendor/laravel/framework/src/Illuminate/Pipeline/Pipeline.php(119): Illuminate\\Pipeline\\Pipeline->{closure:{closure:Illuminate\\Pipeline\\Pipeline::carry():158}:159}(Object(Illuminate\\Http\\Request))
#25 /Users/pablogarcia-dev/Trabalho/Senac/TDS-backEndAvancado/13.PHP_Laravel_CRUD_Carros/vendor/laravel/framework/src/Illuminate/Routing/Router.php(805): Illuminate\\Pipeline\\Pipeline->then(Object(Closure))
#26 /Users/pablogarcia-dev/Trabalho/Senac/TDS-backEndAvancado/13.PHP_Laravel_CRUD_Carros/vendor/laravel/framework/src/Illuminate/Routing/Router.php(784): Illuminate\\Routing\\Router->runRouteWithinStack(Object(Illuminate\\Routing\\Route), Object(Illuminate\\Http\\Request))
#27 /Users/pablogarcia-dev/Trabalho/Senac/TDS-backEndAvancado/13.PHP_Laravel_CRUD_Carros/vendor/laravel/framework/src/Illuminate/Routing/Router.php(748): Illuminate\\Routing\\Router->runRoute(Object(Illuminate\\Http\\Request), Object(Illuminate\\Routing\\Route))
#28 /Users/pablogarcia-dev/Trabalho/Senac/TDS-backEndAvancado/13.PHP_Laravel_CRUD_Carros/vendor/laravel/framework/src/Illuminate/Routing/Router.php(737): Illuminate\\Routing\\Router->dispatchToRoute(Object(Illuminate\\Http\\Request))
#29 /Users/pablogarcia-dev/Trabalho/Senac/TDS-backEndAvancado/13.PHP_Laravel_CRUD_Carros/vendor/laravel/framework/src/Illuminate/Foundation/Http/Kernel.php(200): Illuminate\\Routing\\Router->dispatch(Object(Illuminate\\Http\\Request))
#30 /Users/pablogarcia-dev/Trabalho/Senac/TDS-backEndAvancado/13.PHP_Laravel_CRUD_Carros/vendor/laravel/framework/src/Illuminate/Pipeline/Pipeline.php(144): Illuminate\\Foundation\\Http\\Kernel->{closure:Illuminate\\Foundation\\Http\\Kernel::dispatchToRouter():197}(Object(Illuminate\\Http\\Request))
#31 /Users/pablogarcia-dev/Trabalho/Senac/TDS-backEndAvancado/13.PHP_Laravel_CRUD_Carros/vendor/laravel/framework/src/Illuminate/Foundation/Http/Middleware/TransformsRequest.php(21): Illuminate\\Pipeline\\Pipeline->{closure:Illuminate\\Pipeline\\Pipeline::prepareDestination():142}(Object(Illuminate\\Http\\Request))
#32 /Users/pablogarcia-dev/Trabalho/Senac/TDS-backEndAvancado/13.PHP_Laravel_CRUD_Carros/vendor/laravel/framework/src/Illuminate/Foundation/Http/Middleware/ConvertEmptyStringsToNull.php(31): Illuminate\\Foundation\\Http\\Middleware\\TransformsRequest->handle(Object(Illuminate\\Http\\Request), Object(Closure))
#33 /Users/pablogarcia-dev/Trabalho/Senac/TDS-backEndAvancado/13.PHP_Laravel_CRUD_Carros/vendor/laravel/framework/src/Illuminate/Pipeline/Pipeline.php(183): Illuminate\\Foundation\\Http\\Middleware\\ConvertEmptyStringsToNull->handle(Object(Illuminate\\Http\\Request), Object(Closure))
#34 /Users/pablogarcia-dev/Trabalho/Senac/TDS-backEndAvancado/13.PHP_Laravel_CRUD_Carros/vendor/laravel/framework/src/Illuminate/Foundation/Http/Middleware/TransformsRequest.php(21): Illuminate\\Pipeline\\Pipeline->{closure:{closure:Illuminate\\Pipeline\\Pipeline::carry():158}:159}(Object(Illuminate\\Http\\Request))
#35 /Users/pablogarcia-dev/Trabalho/Senac/TDS-backEndAvancado/13.PHP_Laravel_CRUD_Carros/vendor/laravel/framework/src/Illuminate/Foundation/Http/Middleware/TrimStrings.php(40): Illuminate\\Foundation\\Http\\Middleware\\TransformsRequest->handle(Object(Illuminate\\Http\\Request), Object(Closure))
#36 /Users/pablogarcia-dev/Trabalho/Senac/TDS-backEndAvancado/13.PHP_Laravel_CRUD_Carros/vendor/laravel/framework/src/Illuminate/Pipeline/Pipeline.php(183): Illuminate\\Foundation\\Http\\Middleware\\TrimStrings->handle(Object(Illuminate\\Http\\Request), Object(Closure))
#37 /Users/pablogarcia-dev/Trabalho/Senac/TDS-backEndAvancado/13.PHP_Laravel_CRUD_Carros/vendor/laravel/framework/src/Illuminate/Foundation/Http/Middleware/ValidatePostSize.php(27): Illuminate\\Pipeline\\Pipeline->{closure:{closure:Illuminate\\Pipeline\\Pipeline::carry():158}:159}(Object(Illuminate\\Http\\Request))
#38 /Users/pablogarcia-dev/Trabalho/Senac/TDS-backEndAvancado/13.PHP_Laravel_CRUD_Carros/vendor/laravel/framework/src/Illuminate/Pipeline/Pipeline.php(183): Illuminate\\Foundation\\Http\\Middleware\\ValidatePostSize->handle(Object(Illuminate\\Http\\Request), Object(Closure))
#39 /Users/pablogarcia-dev/Trabalho/Senac/TDS-backEndAvancado/13.PHP_Laravel_CRUD_Carros/vendor/laravel/framework/src/Illuminate/Foundation/Http/Middleware/PreventRequestsDuringMaintenance.php(99): Illuminate\\Pipeline\\Pipeline->{closure:{closure:Illuminate\\Pipeline\\Pipeline::carry():158}:159}(Object(Illuminate\\Http\\Request))
#40 /Users/pablogarcia-dev/Trabalho/Senac/TDS-backEndAvancado/13.PHP_Laravel_CRUD_Carros/vendor/laravel/framework/src/Illuminate/Pipeline/Pipeline.php(183): Illuminate\\Foundation\\Http\\Middleware\\PreventRequestsDuringMaintenance->handle(Object(Illuminate\\Http\\Request), Object(Closure))
#41 /Users/pablogarcia-dev/Trabalho/Senac/TDS-backEndAvancado/13.PHP_Laravel_CRUD_Carros/vendor/laravel/framework/src/Illuminate/Http/Middleware/HandleCors.php(62): Illuminate\\Pipeline\\Pipeline->{closure:{closure:Illuminate\\Pipeline\\Pipeline::carry():158}:159}(Object(Illuminate\\Http\\Request))
#42 /Users/pablogarcia-dev/Trabalho/Senac/TDS-backEndAvancado/13.PHP_Laravel_CRUD_Carros/vendor/laravel/framework/src/Illuminate/Pipeline/Pipeline.php(183): Illuminate\\Http\\Middleware\\HandleCors->handle(Object(Illuminate\\Http\\Request), Object(Closure))
#43 /Users/pablogarcia-dev/Trabalho/Senac/TDS-backEndAvancado/13.PHP_Laravel_CRUD_Carros/vendor/laravel/framework/src/Illuminate/Http/Middleware/TrustProxies.php(39): Illuminate\\Pipeline\\Pipeline->{closure:{closure:Illuminate\\Pipeline\\Pipeline::carry():158}:159}(Object(Illuminate\\Http\\Request))
#44 /Users/pablogarcia-dev/Trabalho/Senac/TDS-backEndAvancado/13.PHP_Laravel_CRUD_Carros/vendor/laravel/framework/src/Illuminate/Pipeline/Pipeline.php(183): Illuminate\\Http\\Middleware\\TrustProxies->handle(Object(Illuminate\\Http\\Request), Object(Closure))
#45 /Users/pablogarcia-dev/Trabalho/Senac/TDS-backEndAvancado/13.PHP_Laravel_CRUD_Carros/vendor/laravel/framework/src/Illuminate/Pipeline/Pipeline.php(119): Illuminate\\Pipeline\\Pipeline->{closure:{closure:Illuminate\\Pipeline\\Pipeline::carry():158}:159}(Object(Illuminate\\Http\\Request))
#46 /Users/pablogarcia-dev/Trabalho/Senac/TDS-backEndAvancado/13.PHP_Laravel_CRUD_Carros/vendor/laravel/framework/src/Illuminate/Foundation/Http/Kernel.php(175): Illuminate\\Pipeline\\Pipeline->then(Object(Closure))
#47 /Users/pablogarcia-dev/Trabalho/Senac/TDS-backEndAvancado/13.PHP_Laravel_CRUD_Carros/vendor/laravel/framework/src/Illuminate/Foundation/Http/Kernel.php(144): Illuminate\\Foundation\\Http\\Kernel->sendRequestThroughRouter(Object(Illuminate\\Http\\Request))
#48 /Users/pablogarcia-dev/Trabalho/Senac/TDS-backEndAvancado/13.PHP_Laravel_CRUD_Carros/public/index.php(51): Illuminate\\Foundation\\Http\\Kernel->handle(Object(Illuminate\\Http\\Request))
#49 /Users/pablogarcia-dev/Trabalho/Senac/TDS-backEndAvancado/13.PHP_Laravel_CRUD_Carros/vendor/laravel/framework/src/Illuminate/Foundation/resources/server.php(16): require_once('/Users/pablogar...')
#50 {main}

[previous exception] [object] (PDOException(code: 2002): SQLSTATE[HY000] [2002] Connection refused at /Users/pablogarcia-dev/Trabalho/Senac/TDS-backEndAvancado/13.PHP_Laravel_CRUD_Carros/vendor/laravel/framework/src/Illuminate/Database/Connectors/Connector.php:65)
[stacktrace]
#0 /Users/pablogarcia-dev/Trabalho/Senac/TDS-backEndAvancado/13.PHP_Laravel_CRUD_Carros/vendor/laravel/framework/src/Illuminate/Database/Connectors/Connector.php(65): PDO->__construct('mysql:host=127....', 'root', Object(SensitiveParameterValue), Array)
#1 /Users/pablogarcia-dev/Trabalho/Senac/TDS-backEndAvancado/13.PHP_Laravel_CRUD_Carros/vendor/laravel/framework/src/Illuminate/Database/Connectors/Connector.php(83): Illuminate\\Database\\Connectors\\Connector->createPdoConnection('mysql:host=127....', 'root', 'root', Array)
#2 /Users/pablogarcia-dev/Trabalho/Senac/TDS-backEndAvancado/13.PHP_Laravel_CRUD_Carros/vendor/laravel/framework/src/Illuminate/Database/Connectors/Connector.php(48): Illuminate\\Database\\Connectors\\Connector->tryAgainIfCausedByLostConnection(Object(PDOException), 'mysql:host=127....', 'root', 'root', Array)
#3 /Users/pablogarcia-dev/Trabalho/Senac/TDS-backEndAvancado/13.PHP_Laravel_CRUD_Carros/vendor/laravel/framework/src/Illuminate/Database/Connectors/MySqlConnector.php(24): Illuminate\\Database\\Connectors\\Connector->createConnection('mysql:host=127....', Array, Array)
#4 /Users/pablogarcia-dev/Trabalho/Senac/TDS-backEndAvancado/13.PHP_Laravel_CRUD_Carros/vendor/laravel/framework/src/Illuminate/Database/Connectors/ConnectionFactory.php(184): Illuminate\\Database\\Connectors\\MySqlConnector->connect(Array)
#5 [internal function]: Illuminate\\Database\\Connectors\\ConnectionFactory->{closure:Illuminate\\Database\\Connectors\\ConnectionFactory::createPdoResolverWithHosts():179}()
#6 /Users/pablogarcia-dev/Trabalho/Senac/TDS-backEndAvancado/13.PHP_Laravel_CRUD_Carros/vendor/laravel/framework/src/Illuminate/Database/Connection.php(1339): call_user_func(Object(Closure))
#7 /Users/pablogarcia-dev/Trabalho/Senac/TDS-backEndAvancado/13.PHP_Laravel_CRUD_Carros/vendor/laravel/framework/src/Illuminate/Database/Connection.php(1375): Illuminate\\Database\\Connection->getPdo()
#8 /Users/pablogarcia-dev/Trabalho/Senac/TDS-backEndAvancado/13.PHP_Laravel_CRUD_Carros/vendor/laravel/framework/src/Illuminate/Database/Connection.php(528): Illuminate\\Database\\Connection->getReadPdo()
#9 /Users/pablogarcia-dev/Trabalho/Senac/TDS-backEndAvancado/13.PHP_Laravel_CRUD_Carros/vendor/laravel/framework/src/Illuminate/Database/Connection.php(423): Illuminate\\Database\\Connection->getPdoForSelect(true)
#10 /Users/pablogarcia-dev/Trabalho/Senac/TDS-backEndAvancado/13.PHP_Laravel_CRUD_Carros/vendor/laravel/framework/src/Illuminate/Database/Connection.php(816): Illuminate\\Database\\Connection->{closure:Illuminate\\Database\\Connection::select():414}('select * from `...', Array)
#11 /Users/pablogarcia-dev/Trabalho/Senac/TDS-backEndAvancado/13.PHP_Laravel_CRUD_Carros/vendor/laravel/framework/src/Illuminate/Database/Connection.php(983): Illuminate\\Database\\Connection->runQueryCallback('select * from `...', Array, Object(Closure))
#12 /Users/pablogarcia-dev/Trabalho/Senac/TDS-backEndAvancado/13.PHP_Laravel_CRUD_Carros/vendor/laravel/framework/src/Illuminate/Database/Connection.php(962): Illuminate\\Database\\Connection->tryAgainIfCausedByLostConnection(Object(Illuminate\\Database\\QueryException), 'select * from `...', Array, Object(Closure))
#13 /Users/pablogarcia-dev/Trabalho/Senac/TDS-backEndAvancado/13.PHP_Laravel_CRUD_Carros/vendor/laravel/framework/src/Illuminate/Database/Connection.php(785): Illuminate\\Database\\Connection->handleQueryException(Object(Illuminate\\Database\\QueryException), 'select * from `...', Array, Object(Closure))
#14 /Users/pablogarcia-dev/Trabalho/Senac/TDS-backEndAvancado/13.PHP_Laravel_CRUD_Carros/vendor/laravel/framework/src/Illuminate/Database/Connection.php(414): Illuminate\\Database\\Connection->run('select * from `...', Array, Object(Closure))
#15 /Users/pablogarcia-dev/Trabalho/Senac/TDS-backEndAvancado/13.PHP_Laravel_CRUD_Carros/vendor/laravel/framework/src/Illuminate/Database/Query/Builder.php(2913): Illuminate\\Database\\Connection->select('select * from `...', Array, true)
#16 /Users/pablogarcia-dev/Trabalho/Senac/TDS-backEndAvancado/13.PHP_Laravel_CRUD_Carros/vendor/laravel/framework/src/Illuminate/Database/Query/Builder.php(2902): Illuminate\\Database\\Query\\Builder->runSelect()
#17 /Users/pablogarcia-dev/Trabalho/Senac/TDS-backEndAvancado/13.PHP_Laravel_CRUD_Carros/vendor/laravel/framework/src/Illuminate/Database/Query/Builder.php(3456): Illuminate\\Database\\Query\\Builder->{closure:Illuminate\\Database\\Query\\Builder::get():2901}()
#18 /Users/pablogarcia-dev/Trabalho/Senac/TDS-backEndAvancado/13.PHP_Laravel_CRUD_Carros/vendor/laravel/framework/src/Illuminate/Database/Query/Builder.php(2901): Illuminate\\Database\\Query\\Builder->onceWithColumns(Array, Object(Closure))
#19 /Users/pablogarcia-dev/Trabalho/Senac/TDS-backEndAvancado/13.PHP_Laravel_CRUD_Carros/vendor/laravel/framework/src/Illuminate/Database/Eloquent/Builder.php(739): Illuminate\\Database\\Query\\Builder->get(Array)
#20 /Users/pablogarcia-dev/Trabalho/Senac/TDS-backEndAvancado/13.PHP_Laravel_CRUD_Carros/vendor/laravel/framework/src/Illuminate/Database/Eloquent/Builder.php(723): Illuminate\\Database\\Eloquent\\Builder->getModels(Array)
#21 /Users/pablogarcia-dev/Trabalho/Senac/TDS-backEndAvancado/13.PHP_Laravel_CRUD_Carros/vendor/laravel/framework/src/Illuminate/Database/Eloquent/Model.php(675): Illuminate\\Database\\Eloquent\\Builder->get(Array)
#22 /Users/pablogarcia-dev/Trabalho/Senac/TDS-backEndAvancado/13.PHP_Laravel_CRUD_Carros/app/Http/Controllers/CarController.php(16): Illuminate\\Database\\Eloquent\\Model::all()
#23 /Users/pablogarcia-dev/Trabalho/Senac/TDS-backEndAvancado/13.PHP_Laravel_CRUD_Carros/vendor/laravel/framework/src/Illuminate/Routing/Controller.php(54): App\\Http\\Controllers\\CarController->index()
#24 /Users/pablogarcia-dev/Trabalho/Senac/TDS-backEndAvancado/13.PHP_Laravel_CRUD_Carros/vendor/laravel/framework/src/Illuminate/Routing/ControllerDispatcher.php(43): Illuminate\\Routing\\Controller->callAction('index', Array)
#25 /Users/pablogarcia-dev/Trabalho/Senac/TDS-backEndAvancado/13.PHP_Laravel_CRUD_Carros/vendor/laravel/framework/src/Illuminate/Routing/Route.php(259): Illuminate\\Routing\\ControllerDispatcher->dispatch(Object(Illuminate\\Routing\\Route), Object(App\\Http\\Controllers\\CarController), 'index')
#26 /Users/pablogarcia-dev/Trabalho/Senac/TDS-backEndAvancado/13.PHP_Laravel_CRUD_Carros/vendor/laravel/framework/src/Illuminate/Routing/Route.php(205): Illuminate\\Routing\\Route->runController()
#27 /Users/pablogarcia-dev/Trabalho/Senac/TDS-backEndAvancado/13.PHP_Laravel_CRUD_Carros/vendor/laravel/framework/src/Illuminate/Routing/Router.php(806): Illuminate\\Routing\\Route->run()
#28 /Users/pablogarcia-dev/Trabalho/Senac/TDS-backEndAvancado/13.PHP_Laravel_CRUD_Carros/vendor/laravel/framework/src/Illuminate/Pipeline/Pipeline.php(144): Illuminate\\Routing\\Router->{closure:Illuminate\\Routing\\Router::runRouteWithinStack():805}(Object(Illuminate\\Http\\Request))
#29 /Users/pablogarcia-dev/Trabalho/Senac/TDS-backEndAvancado/13.PHP_Laravel_CRUD_Carros/vendor/laravel/framework/src/Illuminate/Routing/Middleware/SubstituteBindings.php(50): Illuminate\\Pipeline\\Pipeline->{closure:Illuminate\\Pipeline\\Pipeline::prepareDestination():142}(Object(Illuminate\\Http\\Request))
#30 /Users/pablogarcia-dev/Trabalho/Senac/TDS-backEndAvancado/13.PHP_Laravel_CRUD_Carros/vendor/laravel/framework/src/Illuminate/Pipeline/Pipeline.php(183): Illuminate\\Routing\\Middleware\\SubstituteBindings->handle(Object(Illuminate\\Http\\Request), Object(Closure))
#31 /Users/pablogarcia-dev/Trabalho/Senac/TDS-backEndAvancado/13.PHP_Laravel_CRUD_Carros/vendor/laravel/framework/src/Illuminate/Routing/Middleware/ThrottleRequests.php(159): Illuminate\\Pipeline\\Pipeline->{closure:{closure:Illuminate\\Pipeline\\Pipeline::carry():158}:159}(Object(Illuminate\\Http\\Request))
#32 /Users/pablogarcia-dev/Trabalho/Senac/TDS-backEndAvancado/13.PHP_Laravel_CRUD_Carros/vendor/laravel/framework/src/Illuminate/Routing/Middleware/ThrottleRequests.php(125): Illuminate\\Routing\\Middleware\\ThrottleRequests->handleRequest(Object(Illuminate\\Http\\Request), Object(Closure), Array)
#33 /Users/pablogarcia-dev/Trabalho/Senac/TDS-backEndAvancado/13.PHP_Laravel_CRUD_Carros/vendor/laravel/framework/src/Illuminate/Routing/Middleware/ThrottleRequests.php(87): Illuminate\\Routing\\Middleware\\ThrottleRequests->handleRequestUsingNamedLimiter(Object(Illuminate\\Http\\Request), Object(Closure), 'api', Object(Closure))
#34 /Users/pablogarcia-dev/Trabalho/Senac/TDS-backEndAvancado/13.PHP_Laravel_CRUD_Carros/vendor/laravel/framework/src/Illuminate/Pipeline/Pipeline.php(183): Illuminate\\Routing\\Middleware\\ThrottleRequests->handle(Object(Illuminate\\Http\\Request), Object(Closure), 'api')
#35 /Users/pablogarcia-dev/Trabalho/Senac/TDS-backEndAvancado/13.PHP_Laravel_CRUD_Carros/vendor/laravel/framework/src/Illuminate/Pipeline/Pipeline.php(119): Illuminate\\Pipeline\\Pipeline->{closure:{closure:Illuminate\\Pipeline\\Pipeline::carry():158}:159}(Object(Illuminate\\Http\\Request))
#36 /Users/pablogarcia-dev/Trabalho/Senac/TDS-backEndAvancado/13.PHP_Laravel_CRUD_Carros/vendor/laravel/framework/src/Illuminate/Routing/Router.php(805): Illuminate\\Pipeline\\Pipeline->then(Object(Closure))
#37 /Users/pablogarcia-dev/Trabalho/Senac/TDS-backEndAvancado/13.PHP_Laravel_CRUD_Carros/vendor/laravel/framework/src/Illuminate/Routing/Router.php(784): Illuminate\\Routing\\Router->runRouteWithinStack(Object(Illuminate\\Routing\\Route), Object(Illuminate\\Http\\Request))
#38 /Users/pablogarcia-dev/Trabalho/Senac/TDS-backEndAvancado/13.PHP_Laravel_CRUD_Carros/vendor/laravel/framework/src/Illuminate/Routing/Router.php(748): Illuminate\\Routing\\Router->runRoute(Object(Illuminate\\Http\\Request), Object(Illuminate\\Routing\\Route))
#39 /Users/pablogarcia-dev/Trabalho/Senac/TDS-backEndAvancado/13.PHP_Laravel_CRUD_Carros/vendor/laravel/framework/src/Illuminate/Routing/Router.php(737): Illuminate\\Routing\\Router->dispatchToRoute(Object(Illuminate\\Http\\Request))
#40 /Users/pablogarcia-dev/Trabalho/Senac/TDS-backEndAvancado/13.PHP_Laravel_CRUD_Carros/vendor/laravel/framework/src/Illuminate/Foundation/Http/Kernel.php(200): Illuminate\\Routing\\Router->dispatch(Object(Illuminate\\Http\\Request))
#41 /Users/pablogarcia-dev/Trabalho/Senac/TDS-backEndAvancado/13.PHP_Laravel_CRUD_Carros/vendor/laravel/framework/src/Illuminate/Pipeline/Pipeline.php(144): Illuminate\\Foundation\\Http\\Kernel->{closure:Illuminate\\Foundation\\Http\\Kernel::dispatchToRouter():197}(Object(Illuminate\\Http\\Request))
#42 /Users/pablogarcia-dev/Trabalho/Senac/TDS-backEndAvancado/13.PHP_Laravel_CRUD_Carros/vendor/laravel/framework/src/Illuminate/Foundation/Http/Middleware/TransformsRequest.php(21): Illuminate\\Pipeline\\Pipeline->{closure:Illuminate\\Pipeline\\Pipeline::prepareDestination():142}(Object(Illuminate\\Http\\Request))
#43 /Users/pablogarcia-dev/Trabalho/Senac/TDS-backEndAvancado/13.PHP_Laravel_CRUD_Carros/vendor/laravel/framework/src/Illuminate/Foundation/Http/Middleware/ConvertEmptyStringsToNull.php(31): Illuminate\\Foundation\\Http\\Middleware\\TransformsRequest->handle(Object(Illuminate\\Http\\Request), Object(Closure))
#44 /Users/pablogarcia-dev/Trabalho/Senac/TDS-backEndAvancado/13.PHP_Laravel_CRUD_Carros/vendor/laravel/framework/src/Illuminate/Pipeline/Pipeline.php(183): Illuminate\\Foundation\\Http\\Middleware\\ConvertEmptyStringsToNull->handle(Object(Illuminate\\Http\\Request), Object(Closure))
#45 /Users/pablogarcia-dev/Trabalho/Senac/TDS-backEndAvancado/13.PHP_Laravel_CRUD_Carros/vendor/laravel/framework/src/Illuminate/Foundation/Http/Middleware/TransformsRequest.php(21): Illuminate\\Pipeline\\Pipeline->{closure:{closure:Illuminate\\Pipeline\\Pipeline::carry():158}:159}(Object(Illuminate\\Http\\Request))
#46 /Users/pablogarcia-dev/Trabalho/Senac/TDS-backEndAvancado/13.PHP_Laravel_CRUD_Carros/vendor/laravel/framework/src/Illuminate/Foundation/Http/Middleware/TrimStrings.php(40): Illuminate\\Foundation\\Http\\Middleware\\TransformsRequest->handle(Object(Illuminate\\Http\\Request), Object(Closure))
#47 /Users/pablogarcia-dev/Trabalho/Senac/TDS-backEndAvancado/13.PHP_Laravel_CRUD_Carros/vendor/laravel/framework/src/Illuminate/Pipeline/Pipeline.php(183): Illuminate\\Foundation\\Http\\Middleware\\TrimStrings->handle(Object(Illuminate\\Http\\Request), Object(Closure))
#48 /Users/pablogarcia-dev/Trabalho/Senac/TDS-backEndAvancado/13.PHP_Laravel_CRUD_Carros/vendor/laravel/framework/src/Illuminate/Foundation/Http/Middleware/ValidatePostSize.php(27): Illuminate\\Pipeline\\Pipeline->{closure:{closure:Illuminate\\Pipeline\\Pipeline::carry():158}:159}(Object(Illuminate\\Http\\Request))
#49 /Users/pablogarcia-dev/Trabalho/Senac/TDS-backEndAvancado/13.PHP_Laravel_CRUD_Carros/vendor/laravel/framework/src/Illuminate/Pipeline/Pipeline.php(183): Illuminate\\Foundation\\Http\\Middleware\\ValidatePostSize->handle(Object(Illuminate\\Http\\Request), Object(Closure))
#50 /Users/pablogarcia-dev/Trabalho/Senac/TDS-backEndAvancado/13.PHP_Laravel_CRUD_Carros/vendor/laravel/framework/src/Illuminate/Foundation/Http/Middleware/PreventRequestsDuringMaintenance.php(99): Illuminate\\Pipeline\\Pipeline->{closure:{closure:Illuminate\\Pipeline\\Pipeline::carry():158}:159}(Object(Illuminate\\Http\\Request))
#51 /Users/pablogarcia-dev/Trabalho/Senac/TDS-backEndAvancado/13.PHP_Laravel_CRUD_Carros/vendor/laravel/framework/src/Illuminate/Pipeline/Pipeline.php(183): Illuminate\\Foundation\\Http\\Middleware\\PreventRequestsDuringMaintenance->handle(Object(Illuminate\\Http\\Request), Object(Closure))
#52 /Users/pablogarcia-dev/Trabalho/Senac/TDS-backEndAvancado/13.PHP_Laravel_CRUD_Carros/vendor/laravel/framework/src/Illuminate/Http/Middleware/HandleCors.php(62): Illuminate\\Pipeline\\Pipeline->{closure:{closure:Illuminate\\Pipeline\\Pipeline::carry():158}:159}(Object(Illuminate\\Http\\Request))
#53 /Users/pablogarcia-dev/Trabalho/Senac/TDS-backEndAvancado/13.PHP_Laravel_CRUD_Carros/vendor/laravel/framework/src/Illuminate/Pipeline/Pipeline.php(183): Illuminate\\Http\\Middleware\\HandleCors->handle(Object(Illuminate\\Http\\Request), Object(Closure))
#54 /Users/pablogarcia-dev/Trabalho/Senac/TDS-backEndAvancado/13.PHP_Laravel_CRUD_Carros/vendor/laravel/framework/src/Illuminate/Http/Middleware/TrustProxies.php(39): Illuminate\\Pipeline\\Pipeline->{closure:{closure:Illuminate\\Pipeline\\Pipeline::carry():158}:159}(Object(Illuminate\\Http\\Request))
#55 /Users/pablogarcia-dev/Trabalho/Senac/TDS-backEndAvancado/13.PHP_Laravel_CRUD_Carros/vendor/laravel/framework/src/Illuminate/Pipeline/Pipeline.php(183): Illuminate\\Http\\Middleware\\TrustProxies->handle(Object(Illuminate\\Http\\Request), Object(Closure))
#56 /Users/pablogarcia-dev/Trabalho/Senac/TDS-backEndAvancado/13.PHP_Laravel_CRUD_Carros/vendor/laravel/framework/src/Illuminate/Pipeline/Pipeline.php(119): Illuminate\\Pipeline\\Pipeline->{closure:{closure:Illuminate\\Pipeline\\Pipeline::carry():158}:159}(Object(Illuminate\\Http\\Request))
#57 /Users/pablogarcia-dev/Trabalho/Senac/TDS-backEndAvancado/13.PHP_Laravel_CRUD_Carros/vendor/laravel/framework/src/Illuminate/Foundation/Http/Kernel.php(175): Illuminate\\Pipeline\\Pipeline->then(Object(Closure))
#58 /Users/pablogarcia-dev/Trabalho/Senac/TDS-backEndAvancado/13.PHP_Laravel_CRUD_Carros/vendor/laravel/framework/src/Illuminate/Foundation/Http/Kernel.php(144): Illuminate\\Foundation\\Http\\Kernel->sendRequestThroughRouter(Object(Illuminate\\Http\\Request))
#59 /Users/pablogarcia-dev/Trabalho/Senac/TDS-backEndAvancado/13.PHP_Laravel_CRUD_Carros/public/index.php(51): Illuminate\\Foundation\\Http\\Kernel->handle(Object(Illuminate\\Http\\Request))
#60 /Users/pablogarcia-dev/Trabalho/Senac/TDS-backEndAvancado/13.PHP_Laravel_CRUD_Carros/vendor/laravel/framework/src/Illuminate/Foundation/resources/server.php(16): require_once('/Users/pablogar...')
#61 {main}
"} 
[2025-05-06 17:50:00] local.ERROR: SQLSTATE[HY000] [2002] Connection refused (Connection: mysql, SQL: select table_name as `name`, (data_length + index_length) as `size`, table_comment as `comment`, engine as `engine`, table_collation as `collation` from information_schema.tables where table_schema = 'db_cars_laravel' and table_type in ('BASE TABLE', 'SYSTEM VERSIONED') order by table_name) {"exception":"[object] (Illuminate\\Database\\QueryException(code: 2002): SQLSTATE[HY000] [2002] Connection refused (Connection: mysql, SQL: select table_name as `name`, (data_length + index_length) as `size`, table_comment as `comment`, engine as `engine`, table_collation as `collation` from information_schema.tables where table_schema = 'db_cars_laravel' and table_type in ('BASE TABLE', 'SYSTEM VERSIONED') order by table_name) at /Users/pablogarcia-dev/Trabalho/Senac/TDS-backEndAvancado/13.PHP_Laravel_CRUD_Carros/vendor/laravel/framework/src/Illuminate/Database/Connection.php:829)
[stacktrace]
#0 /Users/pablogarcia-dev/Trabalho/Senac/TDS-backEndAvancado/13.PHP_Laravel_CRUD_Carros/vendor/laravel/framework/src/Illuminate/Database/Connection.php(983): Illuminate\\Database\\Connection->runQueryCallback('select table_na...', Array, Object(Closure))
#1 /Users/pablogarcia-dev/Trabalho/Senac/TDS-backEndAvancado/13.PHP_Laravel_CRUD_Carros/vendor/laravel/framework/src/Illuminate/Database/Connection.php(962): Illuminate\\Database\\Connection->tryAgainIfCausedByLostConnection(Object(Illuminate\\Database\\QueryException), 'select table_na...', Array, Object(Closure))
#2 /Users/pablogarcia-dev/Trabalho/Senac/TDS-backEndAvancado/13.PHP_Laravel_CRUD_Carros/vendor/laravel/framework/src/Illuminate/Database/Connection.php(785): Illuminate\\Database\\Connection->handleQueryException(Object(Illuminate\\Database\\QueryException), 'select table_na...', Array, Object(Closure))
#3 /Users/pablogarcia-dev/Trabalho/Senac/TDS-backEndAvancado/13.PHP_Laravel_CRUD_Carros/vendor/laravel/framework/src/Illuminate/Database/Connection.php(414): Illuminate\\Database\\Connection->run('select table_na...', Array, Object(Closure))
#4 /Users/pablogarcia-dev/Trabalho/Senac/TDS-backEndAvancado/13.PHP_Laravel_CRUD_Carros/vendor/laravel/framework/src/Illuminate/Database/Connection.php(401): Illuminate\\Database\\Connection->select('select table_na...', Array, false)
#5 /Users/pablogarcia-dev/Trabalho/Senac/TDS-backEndAvancado/13.PHP_Laravel_CRUD_Carros/vendor/laravel/framework/src/Illuminate/Database/Schema/MySqlBuilder.php(41): Illuminate\\Database\\Connection->selectFromWriteConnection('select table_na...')
#6 /Users/pablogarcia-dev/Trabalho/Senac/TDS-backEndAvancado/13.PHP_Laravel_CRUD_Carros/vendor/laravel/framework/src/Illuminate/Database/Schema/Builder.php(165): Illuminate\\Database\\Schema\\MySqlBuilder->getTables(false)
#7 /Users/pablogarcia-dev/Trabalho/Senac/TDS-backEndAvancado/13.PHP_Laravel_CRUD_Carros/vendor/laravel/framework/src/Illuminate/Database/Migrations/DatabaseMigrationRepository.php(184): Illuminate\\Database\\Schema\\Builder->hasTable('migrations')
#8 /Users/pablogarcia-dev/Trabalho/Senac/TDS-backEndAvancado/13.PHP_Laravel_CRUD_Carros/vendor/laravel/framework/src/Illuminate/Database/Migrations/Migrator.php(727): Illuminate\\Database\\Migrations\\DatabaseMigrationRepository->repositoryExists()
#9 /Users/pablogarcia-dev/Trabalho/Senac/TDS-backEndAvancado/13.PHP_Laravel_CRUD_Carros/vendor/laravel/framework/src/Illuminate/Database/Console/Migrations/MigrateCommand.php(140): Illuminate\\Database\\Migrations\\Migrator->repositoryExists()
#10 /Users/pablogarcia-dev/Trabalho/Senac/TDS-backEndAvancado/13.PHP_Laravel_CRUD_Carros/vendor/laravel/framework/src/Illuminate/Support/helpers.php(261): Illuminate\\Database\\Console\\Migrations\\MigrateCommand->{closure:Illuminate\\Database\\Console\\Migrations\\MigrateCommand::repositoryExists():140}(1)
#11 /Users/pablogarcia-dev/Trabalho/Senac/TDS-backEndAvancado/13.PHP_Laravel_CRUD_Carros/vendor/laravel/framework/src/Illuminate/Database/Console/Migrations/MigrateCommand.php(140): retry(1, Object(Closure), 0, Object(Closure))
#12 /Users/pablogarcia-dev/Trabalho/Senac/TDS-backEndAvancado/13.PHP_Laravel_CRUD_Carros/vendor/laravel/framework/src/Illuminate/Database/Console/Migrations/MigrateCommand.php(116): Illuminate\\Database\\Console\\Migrations\\MigrateCommand->repositoryExists()
#13 /Users/pablogarcia-dev/Trabalho/Senac/TDS-backEndAvancado/13.PHP_Laravel_CRUD_Carros/vendor/laravel/framework/src/Illuminate/Database/Console/Migrations/MigrateCommand.php(84): Illuminate\\Database\\Console\\Migrations\\MigrateCommand->prepareDatabase()
#14 /Users/pablogarcia-dev/Trabalho/Senac/TDS-backEndAvancado/13.PHP_Laravel_CRUD_Carros/vendor/laravel/framework/src/Illuminate/Database/Migrations/Migrator.php(641): Illuminate\\Database\\Console\\Migrations\\MigrateCommand->{closure:Illuminate\\Database\\Console\\Migrations\\MigrateCommand::handle():83}()
#15 /Users/pablogarcia-dev/Trabalho/Senac/TDS-backEndAvancado/13.PHP_Laravel_CRUD_Carros/vendor/laravel/framework/src/Illuminate/Database/Console/Migrations/MigrateCommand.php(83): Illuminate\\Database\\Migrations\\Migrator->usingConnection(NULL, Object(Closure))
#16 /Users/pablogarcia-dev/Trabalho/Senac/TDS-backEndAvancado/13.PHP_Laravel_CRUD_Carros/vendor/laravel/framework/src/Illuminate/Container/BoundMethod.php(36): Illuminate\\Database\\Console\\Migrations\\MigrateCommand->handle()
#17 /Users/pablogarcia-dev/Trabalho/Senac/TDS-backEndAvancado/13.PHP_Laravel_CRUD_Carros/vendor/laravel/framework/src/Illuminate/Container/Util.php(41): Illuminate\\Container\\BoundMethod::{closure:Illuminate\\Container\\BoundMethod::call():35}()
#18 /Users/pablogarcia-dev/Trabalho/Senac/TDS-backEndAvancado/13.PHP_Laravel_CRUD_Carros/vendor/laravel/framework/src/Illuminate/Container/BoundMethod.php(93): Illuminate\\Container\\Util::unwrapIfClosure(Object(Closure))
#19 /Users/pablogarcia-dev/Trabalho/Senac/TDS-backEndAvancado/13.PHP_Laravel_CRUD_Carros/vendor/laravel/framework/src/Illuminate/Container/BoundMethod.php(35): Illuminate\\Container\\BoundMethod::callBoundMethod(Object(Illuminate\\Foundation\\Application), Array, Object(Closure))
#20 /Users/pablogarcia-dev/Trabalho/Senac/TDS-backEndAvancado/13.PHP_Laravel_CRUD_Carros/vendor/laravel/framework/src/Illuminate/Container/Container.php(662): Illuminate\\Container\\BoundMethod::call(Object(Illuminate\\Foundation\\Application), Array, Array, NULL)
#21 /Users/pablogarcia-dev/Trabalho/Senac/TDS-backEndAvancado/13.PHP_Laravel_CRUD_Carros/vendor/laravel/framework/src/Illuminate/Console/Command.php(211): Illuminate\\Container\\Container->call(Array)
#22 /Users/pablogarcia-dev/Trabalho/Senac/TDS-backEndAvancado/13.PHP_Laravel_CRUD_Carros/vendor/symfony/console/Command/Command.php(326): Illuminate\\Console\\Command->execute(Object(Symfony\\Component\\Console\\Input\\ArgvInput), Object(Illuminate\\Console\\OutputStyle))
#23 /Users/pablogarcia-dev/Trabalho/Senac/TDS-backEndAvancado/13.PHP_Laravel_CRUD_Carros/vendor/laravel/framework/src/Illuminate/Console/Command.php(180): Symfony\\Component\\Console\\Command\\Command->run(Object(Symfony\\Component\\Console\\Input\\ArgvInput), Object(Illuminate\\Console\\OutputStyle))
#24 /Users/pablogarcia-dev/Trabalho/Senac/TDS-backEndAvancado/13.PHP_Laravel_CRUD_Carros/vendor/symfony/console/Application.php(1096): Illuminate\\Console\\Command->run(Object(Symfony\\Component\\Console\\Input\\ArgvInput), Object(Symfony\\Component\\Console\\Output\\ConsoleOutput))
#25 /Users/pablogarcia-dev/Trabalho/Senac/TDS-backEndAvancado/13.PHP_Laravel_CRUD_Carros/vendor/symfony/console/Application.php(324): Symfony\\Component\\Console\\Application->doRunCommand(Object(Illuminate\\Database\\Console\\Migrations\\MigrateCommand), Object(Symfony\\Component\\Console\\Input\\ArgvInput), Object(Symfony\\Component\\Console\\Output\\ConsoleOutput))
#26 /Users/pablogarcia-dev/Trabalho/Senac/TDS-backEndAvancado/13.PHP_Laravel_CRUD_Carros/vendor/symfony/console/Application.php(175): Symfony\\Component\\Console\\Application->doRun(Object(Symfony\\Component\\Console\\Input\\ArgvInput), Object(Symfony\\Component\\Console\\Output\\ConsoleOutput))
#27 /Users/pablogarcia-dev/Trabalho/Senac/TDS-backEndAvancado/13.PHP_Laravel_CRUD_Carros/vendor/laravel/framework/src/Illuminate/Foundation/Console/Kernel.php(201): Symfony\\Component\\Console\\Application->run(Object(Symfony\\Component\\Console\\Input\\ArgvInput), Object(Symfony\\Component\\Console\\Output\\ConsoleOutput))
#28 /Users/pablogarcia-dev/Trabalho/Senac/TDS-backEndAvancado/13.PHP_Laravel_CRUD_Carros/artisan(35): Illuminate\\Foundation\\Console\\Kernel->handle(Object(Symfony\\Component\\Console\\Input\\ArgvInput), Object(Symfony\\Component\\Console\\Output\\ConsoleOutput))
#29 {main}

[previous exception] [object] (PDOException(code: 2002): SQLSTATE[HY000] [2002] Connection refused at /Users/pablogarcia-dev/Trabalho/Senac/TDS-backEndAvancado/13.PHP_Laravel_CRUD_Carros/vendor/laravel/framework/src/Illuminate/Database/Connectors/Connector.php:65)
[stacktrace]
#0 /Users/pablogarcia-dev/Trabalho/Senac/TDS-backEndAvancado/13.PHP_Laravel_CRUD_Carros/vendor/laravel/framework/src/Illuminate/Database/Connectors/Connector.php(65): PDO->__construct('mysql:host=127....', 'root', Object(SensitiveParameterValue), Array)
#1 /Users/pablogarcia-dev/Trabalho/Senac/TDS-backEndAvancado/13.PHP_Laravel_CRUD_Carros/vendor/laravel/framework/src/Illuminate/Database/Connectors/Connector.php(83): Illuminate\\Database\\Connectors\\Connector->createPdoConnection('mysql:host=127....', 'root', 'root', Array)
#2 /Users/pablogarcia-dev/Trabalho/Senac/TDS-backEndAvancado/13.PHP_Laravel_CRUD_Carros/vendor/laravel/framework/src/Illuminate/Database/Connectors/Connector.php(48): Illuminate\\Database\\Connectors\\Connector->tryAgainIfCausedByLostConnection(Object(PDOException), 'mysql:host=127....', 'root', 'root', Array)
#3 /Users/pablogarcia-dev/Trabalho/Senac/TDS-backEndAvancado/13.PHP_Laravel_CRUD_Carros/vendor/laravel/framework/src/Illuminate/Database/Connectors/MySqlConnector.php(24): Illuminate\\Database\\Connectors\\Connector->createConnection('mysql:host=127....', Array, Array)
#4 /Users/pablogarcia-dev/Trabalho/Senac/TDS-backEndAvancado/13.PHP_Laravel_CRUD_Carros/vendor/laravel/framework/src/Illuminate/Database/Connectors/ConnectionFactory.php(184): Illuminate\\Database\\Connectors\\MySqlConnector->connect(Array)
#5 [internal function]: Illuminate\\Database\\Connectors\\ConnectionFactory->{closure:Illuminate\\Database\\Connectors\\ConnectionFactory::createPdoResolverWithHosts():179}()
#6 /Users/pablogarcia-dev/Trabalho/Senac/TDS-backEndAvancado/13.PHP_Laravel_CRUD_Carros/vendor/laravel/framework/src/Illuminate/Database/Connection.php(1339): call_user_func(Object(Closure))
#7 /Users/pablogarcia-dev/Trabalho/Senac/TDS-backEndAvancado/13.PHP_Laravel_CRUD_Carros/vendor/laravel/framework/src/Illuminate/Database/Connection.php(528): Illuminate\\Database\\Connection->getPdo()
#8 /Users/pablogarcia-dev/Trabalho/Senac/TDS-backEndAvancado/13.PHP_Laravel_CRUD_Carros/vendor/laravel/framework/src/Illuminate/Database/Connection.php(423): Illuminate\\Database\\Connection->getPdoForSelect(false)
#9 /Users/pablogarcia-dev/Trabalho/Senac/TDS-backEndAvancado/13.PHP_Laravel_CRUD_Carros/vendor/laravel/framework/src/Illuminate/Database/Connection.php(816): Illuminate\\Database\\Connection->{closure:Illuminate\\Database\\Connection::select():414}('select table_na...', Array)
#10 /Users/pablogarcia-dev/Trabalho/Senac/TDS-backEndAvancado/13.PHP_Laravel_CRUD_Carros/vendor/laravel/framework/src/Illuminate/Database/Connection.php(983): Illuminate\\Database\\Connection->runQueryCallback('select table_na...', Array, Object(Closure))
#11 /Users/pablogarcia-dev/Trabalho/Senac/TDS-backEndAvancado/13.PHP_Laravel_CRUD_Carros/vendor/laravel/framework/src/Illuminate/Database/Connection.php(962): Illuminate\\Database\\Connection->tryAgainIfCausedByLostConnection(Object(Illuminate\\Database\\QueryException), 'select table_na...', Array, Object(Closure))
#12 /Users/pablogarcia-dev/Trabalho/Senac/TDS-backEndAvancado/13.PHP_Laravel_CRUD_Carros/vendor/laravel/framework/src/Illuminate/Database/Connection.php(785): Illuminate\\Database\\Connection->handleQueryException(Object(Illuminate\\Database\\QueryException), 'select table_na...', Array, Object(Closure))
#13 /Users/pablogarcia-dev/Trabalho/Senac/TDS-backEndAvancado/13.PHP_Laravel_CRUD_Carros/vendor/laravel/framework/src/Illuminate/Database/Connection.php(414): Illuminate\\Database\\Connection->run('select table_na...', Array, Object(Closure))
#14 /Users/pablogarcia-dev/Trabalho/Senac/TDS-backEndAvancado/13.PHP_Laravel_CRUD_Carros/vendor/laravel/framework/src/Illuminate/Database/Connection.php(401): Illuminate\\Database\\Connection->select('select table_na...', Array, false)
#15 /Users/pablogarcia-dev/Trabalho/Senac/TDS-backEndAvancado/13.PHP_Laravel_CRUD_Carros/vendor/laravel/framework/src/Illuminate/Database/Schema/MySqlBuilder.php(41): Illuminate\\Database\\Connection->selectFromWriteConnection('select table_na...')
#16 /Users/pablogarcia-dev/Trabalho/Senac/TDS-backEndAvancado/13.PHP_Laravel_CRUD_Carros/vendor/laravel/framework/src/Illuminate/Database/Schema/Builder.php(165): Illuminate\\Database\\Schema\\MySqlBuilder->getTables(false)
#17 /Users/pablogarcia-dev/Trabalho/Senac/TDS-backEndAvancado/13.PHP_Laravel_CRUD_Carros/vendor/laravel/framework/src/Illuminate/Database/Migrations/DatabaseMigrationRepository.php(184): Illuminate\\Database\\Schema\\Builder->hasTable('migrations')
#18 /Users/pablogarcia-dev/Trabalho/Senac/TDS-backEndAvancado/13.PHP_Laravel_CRUD_Carros/vendor/laravel/framework/src/Illuminate/Database/Migrations/Migrator.php(727): Illuminate\\Database\\Migrations\\DatabaseMigrationRepository->repositoryExists()
#19 /Users/pablogarcia-dev/Trabalho/Senac/TDS-backEndAvancado/13.PHP_Laravel_CRUD_Carros/vendor/laravel/framework/src/Illuminate/Database/Console/Migrations/MigrateCommand.php(140): Illuminate\\Database\\Migrations\\Migrator->repositoryExists()
#20 /Users/pablogarcia-dev/Trabalho/Senac/TDS-backEndAvancado/13.PHP_Laravel_CRUD_Carros/vendor/laravel/framework/src/Illuminate/Support/helpers.php(261): Illuminate\\Database\\Console\\Migrations\\MigrateCommand->{closure:Illuminate\\Database\\Console\\Migrations\\MigrateCommand::repositoryExists():140}(1)
#21 /Users/pablogarcia-dev/Trabalho/Senac/TDS-backEndAvancado/13.PHP_Laravel_CRUD_Carros/vendor/laravel/framework/src/Illuminate/Database/Console/Migrations/MigrateCommand.php(140): retry(1, Object(Closure), 0, Object(Closure))
#22 /Users/pablogarcia-dev/Trabalho/Senac/TDS-backEndAvancado/13.PHP_Laravel_CRUD_Carros/vendor/laravel/framework/src/Illuminate/Database/Console/Migrations/MigrateCommand.php(116): Illuminate\\Database\\Console\\Migrations\\MigrateCommand->repositoryExists()
#23 /Users/pablogarcia-dev/Trabalho/Senac/TDS-backEndAvancado/13.PHP_Laravel_CRUD_Carros/vendor/laravel/framework/src/Illuminate/Database/Console/Migrations/MigrateCommand.php(84): Illuminate\\Database\\Console\\Migrations\\MigrateCommand->prepareDatabase()
#24 /Users/pablogarcia-dev/Trabalho/Senac/TDS-backEndAvancado/13.PHP_Laravel_CRUD_Carros/vendor/laravel/framework/src/Illuminate/Database/Migrations/Migrator.php(641): Illuminate\\Database\\Console\\Migrations\\MigrateCommand->{closure:Illuminate\\Database\\Console\\Migrations\\MigrateCommand::handle():83}()
#25 /Users/pablogarcia-dev/Trabalho/Senac/TDS-backEndAvancado/13.PHP_Laravel_CRUD_Carros/vendor/laravel/framework/src/Illuminate/Database/Console/Migrations/MigrateCommand.php(83): Illuminate\\Database\\Migrations\\Migrator->usingConnection(NULL, Object(Closure))
#26 /Users/pablogarcia-dev/Trabalho/Senac/TDS-backEndAvancado/13.PHP_Laravel_CRUD_Carros/vendor/laravel/framework/src/Illuminate/Container/BoundMethod.php(36): Illuminate\\Database\\Console\\Migrations\\MigrateCommand->handle()
#27 /Users/pablogarcia-dev/Trabalho/Senac/TDS-backEndAvancado/13.PHP_Laravel_CRUD_Carros/vendor/laravel/framework/src/Illuminate/Container/Util.php(41): Illuminate\\Container\\BoundMethod::{closure:Illuminate\\Container\\BoundMethod::call():35}()
#28 /Users/pablogarcia-dev/Trabalho/Senac/TDS-backEndAvancado/13.PHP_Laravel_CRUD_Carros/vendor/laravel/framework/src/Illuminate/Container/BoundMethod.php(93): Illuminate\\Container\\Util::unwrapIfClosure(Object(Closure))
#29 /Users/pablogarcia-dev/Trabalho/Senac/TDS-backEndAvancado/13.PHP_Laravel_CRUD_Carros/vendor/laravel/framework/src/Illuminate/Container/BoundMethod.php(35): Illuminate\\Container\\BoundMethod::callBoundMethod(Object(Illuminate\\Foundation\\Application), Array, Object(Closure))
#30 /Users/pablogarcia-dev/Trabalho/Senac/TDS-backEndAvancado/13.PHP_Laravel_CRUD_Carros/vendor/laravel/framework/src/Illuminate/Container/Container.php(662): Illuminate\\Container\\BoundMethod::call(Object(Illuminate\\Foundation\\Application), Array, Array, NULL)
#31 /Users/pablogarcia-dev/Trabalho/Senac/TDS-backEndAvancado/13.PHP_Laravel_CRUD_Carros/vendor/laravel/framework/src/Illuminate/Console/Command.php(211): Illuminate\\Container\\Container->call(Array)
#32 /Users/pablogarcia-dev/Trabalho/Senac/TDS-backEndAvancado/13.PHP_Laravel_CRUD_Carros/vendor/symfony/console/Command/Command.php(326): Illuminate\\Console\\Command->execute(Object(Symfony\\Component\\Console\\Input\\ArgvInput), Object(Illuminate\\Console\\OutputStyle))
#33 /Users/pablogarcia-dev/Trabalho/Senac/TDS-backEndAvancado/13.PHP_Laravel_CRUD_Carros/vendor/laravel/framework/src/Illuminate/Console/Command.php(180): Symfony\\Component\\Console\\Command\\Command->run(Object(Symfony\\Component\\Console\\Input\\ArgvInput), Object(Illuminate\\Console\\OutputStyle))
#34 /Users/pablogarcia-dev/Trabalho/Senac/TDS-backEndAvancado/13.PHP_Laravel_CRUD_Carros/vendor/symfony/console/Application.php(1096): Illuminate\\Console\\Command->run(Object(Symfony\\Component\\Console\\Input\\ArgvInput), Object(Symfony\\Component\\Console\\Output\\ConsoleOutput))
#35 /Users/pablogarcia-dev/Trabalho/Senac/TDS-backEndAvancado/13.PHP_Laravel_CRUD_Carros/vendor/symfony/console/Application.php(324): Symfony\\Component\\Console\\Application->doRunCommand(Object(Illuminate\\Database\\Console\\Migrations\\MigrateCommand), Object(Symfony\\Component\\Console\\Input\\ArgvInput), Object(Symfony\\Component\\Console\\Output\\ConsoleOutput))
#36 /Users/pablogarcia-dev/Trabalho/Senac/TDS-backEndAvancado/13.PHP_Laravel_CRUD_Carros/vendor/symfony/console/Application.php(175): Symfony\\Component\\Console\\Application->doRun(Object(Symfony\\Component\\Console\\Input\\ArgvInput), Object(Symfony\\Component\\Console\\Output\\ConsoleOutput))
#37 /Users/pablogarcia-dev/Trabalho/Senac/TDS-backEndAvancado/13.PHP_Laravel_CRUD_Carros/vendor/laravel/framework/src/Illuminate/Foundation/Console/Kernel.php(201): Symfony\\Component\\Console\\Application->run(Object(Symfony\\Component\\Console\\Input\\ArgvInput), Object(Symfony\\Component\\Console\\Output\\ConsoleOutput))
#38 /Users/pablogarcia-dev/Trabalho/Senac/TDS-backEndAvancado/13.PHP_Laravel_CRUD_Carros/artisan(35): Illuminate\\Foundation\\Console\\Kernel->handle(Object(Symfony\\Component\\Console\\Input\\ArgvInput), Object(Symfony\\Component\\Console\\Output\\ConsoleOutput))
#39 {main}
"} 
[2025-05-06 18:10:28] local.ERROR: SQLSTATE[HY000] [1045] Access denied for user 'root'@'localhost' (using password: YES) (Connection: mysql, SQL: select table_name as `name`, (data_length + index_length) as `size`, table_comment as `comment`, engine as `engine`, table_collation as `collation` from information_schema.tables where table_schema = 'db_cars_laravel' and table_type in ('BASE TABLE', 'SYSTEM VERSIONED') order by table_name) {"exception":"[object] (Illuminate\\Database\\QueryException(code: 1045): SQLSTATE[HY000] [1045] Access denied for user 'root'@'localhost' (using password: YES) (Connection: mysql, SQL: select table_name as `name`, (data_length + index_length) as `size`, table_comment as `comment`, engine as `engine`, table_collation as `collation` from information_schema.tables where table_schema = 'db_cars_laravel' and table_type in ('BASE TABLE', 'SYSTEM VERSIONED') order by table_name) at /Users/pablogarcia-dev/Trabalho/Senac/TDS-backEndAvancado/13.PHP_Laravel_CRUD_Carros/vendor/laravel/framework/src/Illuminate/Database/Connection.php:829)
[stacktrace]
#0 /Users/pablogarcia-dev/Trabalho/Senac/TDS-backEndAvancado/13.PHP_Laravel_CRUD_Carros/vendor/laravel/framework/src/Illuminate/Database/Connection.php(783): Illuminate\\Database\\Connection->runQueryCallback('select table_na...', Array, Object(Closure))
#1 /Users/pablogarcia-dev/Trabalho/Senac/TDS-backEndAvancado/13.PHP_Laravel_CRUD_Carros/vendor/laravel/framework/src/Illuminate/Database/Connection.php(414): Illuminate\\Database\\Connection->run('select table_na...', Array, Object(Closure))
#2 /Users/pablogarcia-dev/Trabalho/Senac/TDS-backEndAvancado/13.PHP_Laravel_CRUD_Carros/vendor/laravel/framework/src/Illuminate/Database/Connection.php(401): Illuminate\\Database\\Connection->select('select table_na...', Array, false)
#3 /Users/pablogarcia-dev/Trabalho/Senac/TDS-backEndAvancado/13.PHP_Laravel_CRUD_Carros/vendor/laravel/framework/src/Illuminate/Database/Schema/MySqlBuilder.php(41): Illuminate\\Database\\Connection->selectFromWriteConnection('select table_na...')
#4 /Users/pablogarcia-dev/Trabalho/Senac/TDS-backEndAvancado/13.PHP_Laravel_CRUD_Carros/vendor/laravel/framework/src/Illuminate/Database/Schema/Builder.php(165): Illuminate\\Database\\Schema\\MySqlBuilder->getTables(false)
#5 /Users/pablogarcia-dev/Trabalho/Senac/TDS-backEndAvancado/13.PHP_Laravel_CRUD_Carros/vendor/laravel/framework/src/Illuminate/Database/Migrations/DatabaseMigrationRepository.php(184): Illuminate\\Database\\Schema\\Builder->hasTable('migrations')
#6 /Users/pablogarcia-dev/Trabalho/Senac/TDS-backEndAvancado/13.PHP_Laravel_CRUD_Carros/vendor/laravel/framework/src/Illuminate/Database/Migrations/Migrator.php(727): Illuminate\\Database\\Migrations\\DatabaseMigrationRepository->repositoryExists()
#7 /Users/pablogarcia-dev/Trabalho/Senac/TDS-backEndAvancado/13.PHP_Laravel_CRUD_Carros/vendor/laravel/framework/src/Illuminate/Database/Console/Migrations/MigrateCommand.php(140): Illuminate\\Database\\Migrations\\Migrator->repositoryExists()
#8 /Users/pablogarcia-dev/Trabalho/Senac/TDS-backEndAvancado/13.PHP_Laravel_CRUD_Carros/vendor/laravel/framework/src/Illuminate/Support/helpers.php(261): Illuminate\\Database\\Console\\Migrations\\MigrateCommand->{closure:Illuminate\\Database\\Console\\Migrations\\MigrateCommand::repositoryExists():140}(1)
#9 /Users/pablogarcia-dev/Trabalho/Senac/TDS-backEndAvancado/13.PHP_Laravel_CRUD_Carros/vendor/laravel/framework/src/Illuminate/Database/Console/Migrations/MigrateCommand.php(140): retry(1, Object(Closure), 0, Object(Closure))
#10 /Users/pablogarcia-dev/Trabalho/Senac/TDS-backEndAvancado/13.PHP_Laravel_CRUD_Carros/vendor/laravel/framework/src/Illuminate/Database/Console/Migrations/MigrateCommand.php(116): Illuminate\\Database\\Console\\Migrations\\MigrateCommand->repositoryExists()
#11 /Users/pablogarcia-dev/Trabalho/Senac/TDS-backEndAvancado/13.PHP_Laravel_CRUD_Carros/vendor/laravel/framework/src/Illuminate/Database/Console/Migrations/MigrateCommand.php(84): Illuminate\\Database\\Console\\Migrations\\MigrateCommand->prepareDatabase()
#12 /Users/pablogarcia-dev/Trabalho/Senac/TDS-backEndAvancado/13.PHP_Laravel_CRUD_Carros/vendor/laravel/framework/src/Illuminate/Database/Migrations/Migrator.php(641): Illuminate\\Database\\Console\\Migrations\\MigrateCommand->{closure:Illuminate\\Database\\Console\\Migrations\\MigrateCommand::handle():83}()
#13 /Users/pablogarcia-dev/Trabalho/Senac/TDS-backEndAvancado/13.PHP_Laravel_CRUD_Carros/vendor/laravel/framework/src/Illuminate/Database/Console/Migrations/MigrateCommand.php(83): Illuminate\\Database\\Migrations\\Migrator->usingConnection(NULL, Object(Closure))
#14 /Users/pablogarcia-dev/Trabalho/Senac/TDS-backEndAvancado/13.PHP_Laravel_CRUD_Carros/vendor/laravel/framework/src/Illuminate/Container/BoundMethod.php(36): Illuminate\\Database\\Console\\Migrations\\MigrateCommand->handle()
#15 /Users/pablogarcia-dev/Trabalho/Senac/TDS-backEndAvancado/13.PHP_Laravel_CRUD_Carros/vendor/laravel/framework/src/Illuminate/Container/Util.php(41): Illuminate\\Container\\BoundMethod::{closure:Illuminate\\Container\\BoundMethod::call():35}()
#16 /Users/pablogarcia-dev/Trabalho/Senac/TDS-backEndAvancado/13.PHP_Laravel_CRUD_Carros/vendor/laravel/framework/src/Illuminate/Container/BoundMethod.php(93): Illuminate\\Container\\Util::unwrapIfClosure(Object(Closure))
#17 /Users/pablogarcia-dev/Trabalho/Senac/TDS-backEndAvancado/13.PHP_Laravel_CRUD_Carros/vendor/laravel/framework/src/Illuminate/Container/BoundMethod.php(35): Illuminate\\Container\\BoundMethod::callBoundMethod(Object(Illuminate\\Foundation\\Application), Array, Object(Closure))
#18 /Users/pablogarcia-dev/Trabalho/Senac/TDS-backEndAvancado/13.PHP_Laravel_CRUD_Carros/vendor/laravel/framework/src/Illuminate/Container/Container.php(662): Illuminate\\Container\\BoundMethod::call(Object(Illuminate\\Foundation\\Application), Array, Array, NULL)
#19 /Users/pablogarcia-dev/Trabalho/Senac/TDS-backEndAvancado/13.PHP_Laravel_CRUD_Carros/vendor/laravel/framework/src/Illuminate/Console/Command.php(211): Illuminate\\Container\\Container->call(Array)
#20 /Users/pablogarcia-dev/Trabalho/Senac/TDS-backEndAvancado/13.PHP_Laravel_CRUD_Carros/vendor/symfony/console/Command/Command.php(326): Illuminate\\Console\\Command->execute(Object(Symfony\\Component\\Console\\Input\\ArgvInput), Object(Illuminate\\Console\\OutputStyle))
#21 /Users/pablogarcia-dev/Trabalho/Senac/TDS-backEndAvancado/13.PHP_Laravel_CRUD_Carros/vendor/laravel/framework/src/Illuminate/Console/Command.php(180): Symfony\\Component\\Console\\Command\\Command->run(Object(Symfony\\Component\\Console\\Input\\ArgvInput), Object(Illuminate\\Console\\OutputStyle))
#22 /Users/pablogarcia-dev/Trabalho/Senac/TDS-backEndAvancado/13.PHP_Laravel_CRUD_Carros/vendor/symfony/console/Application.php(1096): Illuminate\\Console\\Command->run(Object(Symfony\\Component\\Console\\Input\\ArgvInput), Object(Symfony\\Component\\Console\\Output\\ConsoleOutput))
#23 /Users/pablogarcia-dev/Trabalho/Senac/TDS-backEndAvancado/13.PHP_Laravel_CRUD_Carros/vendor/symfony/console/Application.php(324): Symfony\\Component\\Console\\Application->doRunCommand(Object(Illuminate\\Database\\Console\\Migrations\\MigrateCommand), Object(Symfony\\Component\\Console\\Input\\ArgvInput), Object(Symfony\\Component\\Console\\Output\\ConsoleOutput))
#24 /Users/pablogarcia-dev/Trabalho/Senac/TDS-backEndAvancado/13.PHP_Laravel_CRUD_Carros/vendor/symfony/console/Application.php(175): Symfony\\Component\\Console\\Application->doRun(Object(Symfony\\Component\\Console\\Input\\ArgvInput), Object(Symfony\\Component\\Console\\Output\\ConsoleOutput))
#25 /Users/pablogarcia-dev/Trabalho/Senac/TDS-backEndAvancado/13.PHP_Laravel_CRUD_Carros/vendor/laravel/framework/src/Illuminate/Foundation/Console/Kernel.php(201): Symfony\\Component\\Console\\Application->run(Object(Symfony\\Component\\Console\\Input\\ArgvInput), Object(Symfony\\Component\\Console\\Output\\ConsoleOutput))
#26 /Users/pablogarcia-dev/Trabalho/Senac/TDS-backEndAvancado/13.PHP_Laravel_CRUD_Carros/artisan(35): Illuminate\\Foundation\\Console\\Kernel->handle(Object(Symfony\\Component\\Console\\Input\\ArgvInput), Object(Symfony\\Component\\Console\\Output\\ConsoleOutput))
#27 {main}

[previous exception] [object] (PDOException(code: 1045): SQLSTATE[HY000] [1045] Access denied for user 'root'@'localhost' (using password: YES) at /Users/pablogarcia-dev/Trabalho/Senac/TDS-backEndAvancado/13.PHP_Laravel_CRUD_Carros/vendor/laravel/framework/src/Illuminate/Database/Connectors/Connector.php:65)
[stacktrace]
#0 /Users/pablogarcia-dev/Trabalho/Senac/TDS-backEndAvancado/13.PHP_Laravel_CRUD_Carros/vendor/laravel/framework/src/Illuminate/Database/Connectors/Connector.php(65): PDO->__construct('mysql:host=127....', 'root', Object(SensitiveParameterValue), Array)
#1 /Users/pablogarcia-dev/Trabalho/Senac/TDS-backEndAvancado/13.PHP_Laravel_CRUD_Carros/vendor/laravel/framework/src/Illuminate/Database/Connectors/Connector.php(44): Illuminate\\Database\\Connectors\\Connector->createPdoConnection('mysql:host=127....', 'root', 'root', Array)
#2 /Users/pablogarcia-dev/Trabalho/Senac/TDS-backEndAvancado/13.PHP_Laravel_CRUD_Carros/vendor/laravel/framework/src/Illuminate/Database/Connectors/MySqlConnector.php(24): Illuminate\\Database\\Connectors\\Connector->createConnection('mysql:host=127....', Array, Array)
#3 /Users/pablogarcia-dev/Trabalho/Senac/TDS-backEndAvancado/13.PHP_Laravel_CRUD_Carros/vendor/laravel/framework/src/Illuminate/Database/Connectors/ConnectionFactory.php(184): Illuminate\\Database\\Connectors\\MySqlConnector->connect(Array)
#4 [internal function]: Illuminate\\Database\\Connectors\\ConnectionFactory->{closure:Illuminate\\Database\\Connectors\\ConnectionFactory::createPdoResolverWithHosts():179}()
#5 /Users/pablogarcia-dev/Trabalho/Senac/TDS-backEndAvancado/13.PHP_Laravel_CRUD_Carros/vendor/laravel/framework/src/Illuminate/Database/Connection.php(1339): call_user_func(Object(Closure))
#6 /Users/pablogarcia-dev/Trabalho/Senac/TDS-backEndAvancado/13.PHP_Laravel_CRUD_Carros/vendor/laravel/framework/src/Illuminate/Database/Connection.php(528): Illuminate\\Database\\Connection->getPdo()
#7 /Users/pablogarcia-dev/Trabalho/Senac/TDS-backEndAvancado/13.PHP_Laravel_CRUD_Carros/vendor/laravel/framework/src/Illuminate/Database/Connection.php(423): Illuminate\\Database\\Connection->getPdoForSelect(false)
#8 /Users/pablogarcia-dev/Trabalho/Senac/TDS-backEndAvancado/13.PHP_Laravel_CRUD_Carros/vendor/laravel/framework/src/Illuminate/Database/Connection.php(816): Illuminate\\Database\\Connection->{closure:Illuminate\\Database\\Connection::select():414}('select table_na...', Array)
#9 /Users/pablogarcia-dev/Trabalho/Senac/TDS-backEndAvancado/13.PHP_Laravel_CRUD_Carros/vendor/laravel/framework/src/Illuminate/Database/Connection.php(783): Illuminate\\Database\\Connection->runQueryCallback('select table_na...', Array, Object(Closure))
#10 /Users/pablogarcia-dev/Trabalho/Senac/TDS-backEndAvancado/13.PHP_Laravel_CRUD_Carros/vendor/laravel/framework/src/Illuminate/Database/Connection.php(414): Illuminate\\Database\\Connection->run('select table_na...', Array, Object(Closure))
#11 /Users/pablogarcia-dev/Trabalho/Senac/TDS-backEndAvancado/13.PHP_Laravel_CRUD_Carros/vendor/laravel/framework/src/Illuminate/Database/Connection.php(401): Illuminate\\Database\\Connection->select('select table_na...', Array, false)
#12 /Users/pablogarcia-dev/Trabalho/Senac/TDS-backEndAvancado/13.PHP_Laravel_CRUD_Carros/vendor/laravel/framework/src/Illuminate/Database/Schema/MySqlBuilder.php(41): Illuminate\\Database\\Connection->selectFromWriteConnection('select table_na...')
#13 /Users/pablogarcia-dev/Trabalho/Senac/TDS-backEndAvancado/13.PHP_Laravel_CRUD_Carros/vendor/laravel/framework/src/Illuminate/Database/Schema/Builder.php(165): Illuminate\\Database\\Schema\\MySqlBuilder->getTables(false)
#14 /Users/pablogarcia-dev/Trabalho/Senac/TDS-backEndAvancado/13.PHP_Laravel_CRUD_Carros/vendor/laravel/framework/src/Illuminate/Database/Migrations/DatabaseMigrationRepository.php(184): Illuminate\\Database\\Schema\\Builder->hasTable('migrations')
#15 /Users/pablogarcia-dev/Trabalho/Senac/TDS-backEndAvancado/13.PHP_Laravel_CRUD_Carros/vendor/laravel/framework/src/Illuminate/Database/Migrations/Migrator.php(727): Illuminate\\Database\\Migrations\\DatabaseMigrationRepository->repositoryExists()
#16 /Users/pablogarcia-dev/Trabalho/Senac/TDS-backEndAvancado/13.PHP_Laravel_CRUD_Carros/vendor/laravel/framework/src/Illuminate/Database/Console/Migrations/MigrateCommand.php(140): Illuminate\\Database\\Migrations\\Migrator->repositoryExists()
#17 /Users/pablogarcia-dev/Trabalho/Senac/TDS-backEndAvancado/13.PHP_Laravel_CRUD_Carros/vendor/laravel/framework/src/Illuminate/Support/helpers.php(261): Illuminate\\Database\\Console\\Migrations\\MigrateCommand->{closure:Illuminate\\Database\\Console\\Migrations\\MigrateCommand::repositoryExists():140}(1)
#18 /Users/pablogarcia-dev/Trabalho/Senac/TDS-backEndAvancado/13.PHP_Laravel_CRUD_Carros/vendor/laravel/framework/src/Illuminate/Database/Console/Migrations/MigrateCommand.php(140): retry(1, Object(Closure), 0, Object(Closure))
#19 /Users/pablogarcia-dev/Trabalho/Senac/TDS-backEndAvancado/13.PHP_Laravel_CRUD_Carros/vendor/laravel/framework/src/Illuminate/Database/Console/Migrations/MigrateCommand.php(116): Illuminate\\Database\\Console\\Migrations\\MigrateCommand->repositoryExists()
#20 /Users/pablogarcia-dev/Trabalho/Senac/TDS-backEndAvancado/13.PHP_Laravel_CRUD_Carros/vendor/laravel/framework/src/Illuminate/Database/Console/Migrations/MigrateCommand.php(84): Illuminate\\Database\\Console\\Migrations\\MigrateCommand->prepareDatabase()
#21 /Users/pablogarcia-dev/Trabalho/Senac/TDS-backEndAvancado/13.PHP_Laravel_CRUD_Carros/vendor/laravel/framework/src/Illuminate/Database/Migrations/Migrator.php(641): Illuminate\\Database\\Console\\Migrations\\MigrateCommand->{closure:Illuminate\\Database\\Console\\Migrations\\MigrateCommand::handle():83}()
#22 /Users/pablogarcia-dev/Trabalho/Senac/TDS-backEndAvancado/13.PHP_Laravel_CRUD_Carros/vendor/laravel/framework/src/Illuminate/Database/Console/Migrations/MigrateCommand.php(83): Illuminate\\Database\\Migrations\\Migrator->usingConnection(NULL, Object(Closure))
#23 /Users/pablogarcia-dev/Trabalho/Senac/TDS-backEndAvancado/13.PHP_Laravel_CRUD_Carros/vendor/laravel/framework/src/Illuminate/Container/BoundMethod.php(36): Illuminate\\Database\\Console\\Migrations\\MigrateCommand->handle()
#24 /Users/pablogarcia-dev/Trabalho/Senac/TDS-backEndAvancado/13.PHP_Laravel_CRUD_Carros/vendor/laravel/framework/src/Illuminate/Container/Util.php(41): Illuminate\\Container\\BoundMethod::{closure:Illuminate\\Container\\BoundMethod::call():35}()
#25 /Users/pablogarcia-dev/Trabalho/Senac/TDS-backEndAvancado/13.PHP_Laravel_CRUD_Carros/vendor/laravel/framework/src/Illuminate/Container/BoundMethod.php(93): Illuminate\\Container\\Util::unwrapIfClosure(Object(Closure))
#26 /Users/pablogarcia-dev/Trabalho/Senac/TDS-backEndAvancado/13.PHP_Laravel_CRUD_Carros/vendor/laravel/framework/src/Illuminate/Container/BoundMethod.php(35): Illuminate\\Container\\BoundMethod::callBoundMethod(Object(Illuminate\\Foundation\\Application), Array, Object(Closure))
#27 /Users/pablogarcia-dev/Trabalho/Senac/TDS-backEndAvancado/13.PHP_Laravel_CRUD_Carros/vendor/laravel/framework/src/Illuminate/Container/Container.php(662): Illuminate\\Container\\BoundMethod::call(Object(Illuminate\\Foundation\\Application), Array, Array, NULL)
#28 /Users/pablogarcia-dev/Trabalho/Senac/TDS-backEndAvancado/13.PHP_Laravel_CRUD_Carros/vendor/laravel/framework/src/Illuminate/Console/Command.php(211): Illuminate\\Container\\Container->call(Array)
#29 /Users/pablogarcia-dev/Trabalho/Senac/TDS-backEndAvancado/13.PHP_Laravel_CRUD_Carros/vendor/symfony/console/Command/Command.php(326): Illuminate\\Console\\Command->execute(Object(Symfony\\Component\\Console\\Input\\ArgvInput), Object(Illuminate\\Console\\OutputStyle))
#30 /Users/pablogarcia-dev/Trabalho/Senac/TDS-backEndAvancado/13.PHP_Laravel_CRUD_Carros/vendor/laravel/framework/src/Illuminate/Console/Command.php(180): Symfony\\Component\\Console\\Command\\Command->run(Object(Symfony\\Component\\Console\\Input\\ArgvInput), Object(Illuminate\\Console\\OutputStyle))
#31 /Users/pablogarcia-dev/Trabalho/Senac/TDS-backEndAvancado/13.PHP_Laravel_CRUD_Carros/vendor/symfony/console/Application.php(1096): Illuminate\\Console\\Command->run(Object(Symfony\\Component\\Console\\Input\\ArgvInput), Object(Symfony\\Component\\Console\\Output\\ConsoleOutput))
#32 /Users/pablogarcia-dev/Trabalho/Senac/TDS-backEndAvancado/13.PHP_Laravel_CRUD_Carros/vendor/symfony/console/Application.php(324): Symfony\\Component\\Console\\Application->doRunCommand(Object(Illuminate\\Database\\Console\\Migrations\\MigrateCommand), Object(Symfony\\Component\\Console\\Input\\ArgvInput), Object(Symfony\\Component\\Console\\Output\\ConsoleOutput))
#33 /Users/pablogarcia-dev/Trabalho/Senac/TDS-backEndAvancado/13.PHP_Laravel_CRUD_Carros/vendor/symfony/console/Application.php(175): Symfony\\Component\\Console\\Application->doRun(Object(Symfony\\Component\\Console\\Input\\ArgvInput), Object(Symfony\\Component\\Console\\Output\\ConsoleOutput))
#34 /Users/pablogarcia-dev/Trabalho/Senac/TDS-backEndAvancado/13.PHP_Laravel_CRUD_Carros/vendor/laravel/framework/src/Illuminate/Foundation/Console/Kernel.php(201): Symfony\\Component\\Console\\Application->run(Object(Symfony\\Component\\Console\\Input\\ArgvInput), Object(Symfony\\Component\\Console\\Output\\ConsoleOutput))
#35 /Users/pablogarcia-dev/Trabalho/Senac/TDS-backEndAvancado/13.PHP_Laravel_CRUD_Carros/artisan(35): Illuminate\\Foundation\\Console\\Kernel->handle(Object(Symfony\\Component\\Console\\Input\\ArgvInput), Object(Symfony\\Component\\Console\\Output\\ConsoleOutput))
#36 {main}
"} 
